#
# A fatal error has been detected by the Java Runtime Environment:
#
#  EXCEPTION_ACCESS_VIOLATION (0xc0000005) at pc=0x0000000000000000, pid=12752, tid=20916
#
# JRE version:  (17.0.2+8) (build )
# Java VM: Java HotSpot(TM) 64-Bit Server VM (17.0.2+8-LTS-86, mixed mode, tiered, compressed oops, compressed class ptrs, g1 gc, windows-amd64)
# Problematic frame:
# C  0x0000000000000000
#
# No core dump will be written. Minidumps are not enabled by default on client versions of Windows
#
# The crash happened outside the Java Virtual Machine in native code.
# See problematic frame for where to report the bug.
#

---------------  S U M M A R Y ------------

Command Line: -Dfile.encoding=Cp1252 --module-path=C:\Users\Dario\eclipse-workspace\Practica2\bin -XX:+ShowCodeDetailsInExceptionMessages -Djdk.module.main=Practica2 Practica2/practica2.ListaTest

Host: Intel(R) Celeron(R) N4000 CPU @ 1.10GHz, 2 cores, 3G,  Windows 11 , 64 bit Build 22000 (10.0.22000.675)
Time: Mon Jun  6 09:46:13 2022 Hora estándar de Argentina elapsed time: 1.559239 seconds (0d 0h 0m 1s)

---------------  T H R E A D  ---------------

Current thread (0x00000172c3aeca20):  JavaThread "main" [_thread_in_native, id=20916, stack(0x0000006cee800000,0x0000006cee900000)]

Stack: [0x0000006cee800000,0x0000006cee900000],  sp=0x0000006cee8fe8f8,  free space=1018k
Native frames: (J=compiled Java code, j=interpreted, Vv=VM code, C=native code)

Java frames: (J=compiled Java code, j=interpreted, Vv=VM code)
j  jdk.internal.util.SystemProps$Raw.platformProperties()[Ljava/lang/String;+0 java.base
j  jdk.internal.util.SystemProps$Raw.<init>()V+5 java.base
j  jdk.internal.util.SystemProps.initProperties()Ljava/util/Map;+4 java.base
j  java.lang.System.initPhase1()V+3 java.base
v  ~StubRoutines::call_stub

siginfo: EXCEPTION_ACCESS_VIOLATION (0xc0000005), data execution prevention violation at address 0x0000000000000000


Register to memory mapping:

RIP=0x0 is NULL
RAX=0x0 is NULL
RBX=0x0 is NULL
RCX=0x0 is NULL
RDX=0x0000000000004028 is an unknown value
RSP=0x0000006cee8fe8f8 is pointing into the stack for thread: 0x00000172c3aeca20
RBP=0x0000006cee8fec70 is pointing into the stack for thread: 0x00000172c3aeca20
RSI=0x0000000000000001 is an unknown value
RDI=0x000001728013d201 points into unknown readable memory: 09 10 80 72 01 00 00
R8 =0x0 is NULL
R9 =0x0 is NULL
R10=0x0000000000000020 is an unknown value
R11=0x0000006cee8fe860 is pointing into the stack for thread: 0x00000172c3aeca20
R12=0x000000000000079c is an unknown value
R13=0x00000172805b8201 is pointing into metadata
R14=0x000000000000000a is an unknown value
R15=0x00000000000055f0 is an unknown value


Registers:
RAX=0x0000000000000000, RBX=0x0000000000000000, RCX=0x0000000000000000, RDX=0x0000000000004028
RSP=0x0000006cee8fe8f8, RBP=0x0000006cee8fec70, RSI=0x0000000000000001, RDI=0x000001728013d201
R8 =0x0000000000000000, R9 =0x0000000000000000, R10=0x0000000000000020, R11=0x0000006cee8fe860
R12=0x000000000000079c, R13=0x00000172805b8201, R14=0x000000000000000a, R15=0x00000000000055f0
RIP=0x0000000000000000, EFLAGS=0x0000000000010202

Top of Stack: (sp=0x0000006cee8fe8f8)
0x0000006cee8fe8f8:   00007ffd5aaab687 0000000000000000
0x0000006cee8fe908:   0000000000004028 0000000000000000
0x0000006cee8fe918:   0000000000000000 0000006cee8fe940
0x0000006cee8fe928:   0000000000000001 0000006c80004005
0x0000006cee8fe938:   00007ffd6e6099fd 0000000006a901be
0x0000006cee8fe948:   0000000000000020 00000172801031c0
0x0000006cee8fe958:   0000000000000000 0000000000000000
0x0000006cee8fe968:   0000006cee8fea70 0000000000000000
0x0000006cee8fe978:   00000172c39810e0 0000000000000000
0x0000006cee8fe988:   00000172c3980000 0000000000000020
0x0000006cee8fe998:   00000172c39802a8 00000172c3980cc0
0x0000006cee8fe9a8:   0000006cee8feab0 0000000000000000
0x0000006cee8fe9b8:   000000000000000c 0000000000000000
0x0000006cee8fe9c8:   0000000000000020 0000000000000000
0x0000006cee8fe9d8:   0000000000000002 0000000000000000
0x0000006cee8fe9e8:   0000006cee8fea99 00000172c39f0000 

Instructions: (pc=0x0000000000000000)
0xffffffffffffff00:   


Stack slot to memory mapping:
stack at sp + 0 slots: 0x00007ffd5aaab687 java.dll
stack at sp + 1 slots: 0x0 is NULL
stack at sp + 2 slots: 0x0000000000004028 is an unknown value
stack at sp + 3 slots: 0x0 is NULL
stack at sp + 4 slots: 0x0 is NULL
stack at sp + 5 slots: 0x0000006cee8fe940 is pointing into the stack for thread: 0x00000172c3aeca20
stack at sp + 6 slots: 0x0000000000000001 is an unknown value
stack at sp + 7 slots: 0x0000006c80004005 is an unknown value


---------------  P R O C E S S  ---------------

Threads class SMR info:
_java_thread_list=0x0000017280126680, length=3, elements={
0x00000172c3aeca20, 0x0000017280175260, 0x00000172801298f0
}

Java Threads: ( => current thread )
=>0x00000172c3aeca20 JavaThread "main" [_thread_in_native, id=20916, stack(0x0000006cee800000,0x0000006cee900000)]
  0x0000017280175260 JavaThread "Reference Handler" daemon [_thread_blocked, id=5108, stack(0x0000006cef100000,0x0000006cef200000)]
  0x00000172801298f0 JavaThread "Finalizer" daemon [_thread_blocked, id=13636, stack(0x0000006cef200000,0x0000006cef300000)]

Other Threads:
  0x0000017280161610 VMThread "VM Thread" [stack: 0x0000006cef000000,0x0000006cef100000] [id=14576]
  0x00000172c3c5d820 GCTaskThread "GC Thread#0" [stack: 0x0000006ceea00000,0x0000006ceeb00000] [id=880]
  0x00000172c3c661e0 ConcurrentGCThread "G1 Main Marker" [stack: 0x0000006ceeb00000,0x0000006ceec00000] [id=1960]
  0x00000172c3c68470 ConcurrentGCThread "G1 Conc#0" [stack: 0x0000006ceec00000,0x0000006ceed00000] [id=11840]
  0x00000172c3c9f360 ConcurrentGCThread "G1 Refine#0" [stack: 0x0000006ceed00000,0x0000006ceee00000] [id=21088]
  0x00000172c3c9fd80 ConcurrentGCThread "G1 Service" [stack: 0x0000006ceee00000,0x0000006ceef00000] [id=18492]

Threads with active compile tasks:

VM state: not at safepoint (normal execution)

VM Mutex/Monitor currently owned by a thread: None

Heap address: 0x00000000c2c00000, size: 980 MB, Compressed Oops mode: 32-bit

CDS archive(s) not mapped
Compressed class space mapped at: 0x0000000100000000-0x0000000140000000, reserved size: 1073741824
Narrow klass base: 0x0000000000000000, Narrow klass shift: 3, Narrow klass range: 0x140000000

GC Precious Log:
 CPUs: 2 total, 2 available
 Memory: 3916M
 Large Page Support: Disabled
 NUMA Support: Disabled
 Compressed Oops: Enabled (32-bit)
 Heap Region Size: 1M
 Heap Min Capacity: 8M
 Heap Initial Capacity: 62M
 Heap Max Capacity: 980M
 Pre-touch: Disabled
 Parallel Workers: 2
 Concurrent Workers: 1
 Concurrent Refinement Workers: 2
 Periodic GC: Disabled

Heap:
 garbage-first heap   total 63488K, used 0K [0x00000000c2c00000, 0x0000000100000000)
  region size 1024K, 1 young (1024K), 0 survivors (0K)
 Metaspace       used 1910K, committed 1984K, reserved 1056768K
  class space    used 149K, committed 192K, reserved 1048576K

Heap Regions: E=young(eden), S=young(survivor), O=old, HS=humongous(starts), HC=humongous(continues), CS=collection set, F=free, OA=open archive, CA=closed archive, TAMS=top-at-mark-start (previous, next)
|   0|0x00000000c2c00000, 0x00000000c2c00000, 0x00000000c2d00000|  0%| F|  |TAMS 0x00000000c2c00000, 0x00000000c2c00000| Untracked 
|   1|0x00000000c2d00000, 0x00000000c2d00000, 0x00000000c2e00000|  0%| F|  |TAMS 0x00000000c2d00000, 0x00000000c2d00000| Untracked 
|   2|0x00000000c2e00000, 0x00000000c2e00000, 0x00000000c2f00000|  0%| F|  |TAMS 0x00000000c2e00000, 0x00000000c2e00000| Untracked 
|   3|0x00000000c2f00000, 0x00000000c2f00000, 0x00000000c3000000|  0%| F|  |TAMS 0x00000000c2f00000, 0x00000000c2f00000| Untracked 
|   4|0x00000000c3000000, 0x00000000c3000000, 0x00000000c3100000|  0%| F|  |TAMS 0x00000000c3000000, 0x00000000c3000000| Untracked 
|   5|0x00000000c3100000, 0x00000000c3100000, 0x00000000c3200000|  0%| F|  |TAMS 0x00000000c3100000, 0x00000000c3100000| Untracked 
|   6|0x00000000c3200000, 0x00000000c3200000, 0x00000000c3300000|  0%| F|  |TAMS 0x00000000c3200000, 0x00000000c3200000| Untracked 
|   7|0x00000000c3300000, 0x00000000c3300000, 0x00000000c3400000|  0%| F|  |TAMS 0x00000000c3300000, 0x00000000c3300000| Untracked 
|   8|0x00000000c3400000, 0x00000000c3400000, 0x00000000c3500000|  0%| F|  |TAMS 0x00000000c3400000, 0x00000000c3400000| Untracked 
|   9|0x00000000c3500000, 0x00000000c3500000, 0x00000000c3600000|  0%| F|  |TAMS 0x00000000c3500000, 0x00000000c3500000| Untracked 
|  10|0x00000000c3600000, 0x00000000c3600000, 0x00000000c3700000|  0%| F|  |TAMS 0x00000000c3600000, 0x00000000c3600000| Untracked 
|  11|0x00000000c3700000, 0x00000000c3700000, 0x00000000c3800000|  0%| F|  |TAMS 0x00000000c3700000, 0x00000000c3700000| Untracked 
|  12|0x00000000c3800000, 0x00000000c3800000, 0x00000000c3900000|  0%| F|  |TAMS 0x00000000c3800000, 0x00000000c3800000| Untracked 
|  13|0x00000000c3900000, 0x00000000c3900000, 0x00000000c3a00000|  0%| F|  |TAMS 0x00000000c3900000, 0x00000000c3900000| Untracked 
|  14|0x00000000c3a00000, 0x00000000c3a00000, 0x00000000c3b00000|  0%| F|  |TAMS 0x00000000c3a00000, 0x00000000c3a00000| Untracked 
|  15|0x00000000c3b00000, 0x00000000c3b00000, 0x00000000c3c00000|  0%| F|  |TAMS 0x00000000c3b00000, 0x00000000c3b00000| Untracked 
|  16|0x00000000c3c00000, 0x00000000c3c00000, 0x00000000c3d00000|  0%| F|  |TAMS 0x00000000c3c00000, 0x00000000c3c00000| Untracked 
|  17|0x00000000c3d00000, 0x00000000c3d00000, 0x00000000c3e00000|  0%| F|  |TAMS 0x00000000c3d00000, 0x00000000c3d00000| Untracked 
|  18|0x00000000c3e00000, 0x00000000c3e00000, 0x00000000c3f00000|  0%| F|  |TAMS 0x00000000c3e00000, 0x00000000c3e00000| Untracked 
|  19|0x00000000c3f00000, 0x00000000c3f00000, 0x00000000c4000000|  0%| F|  |TAMS 0x00000000c3f00000, 0x00000000c3f00000| Untracked 
|  20|0x00000000c4000000, 0x00000000c4000000, 0x00000000c4100000|  0%| F|  |TAMS 0x00000000c4000000, 0x00000000c4000000| Untracked 
|  21|0x00000000c4100000, 0x00000000c4100000, 0x00000000c4200000|  0%| F|  |TAMS 0x00000000c4100000, 0x00000000c4100000| Untracked 
|  22|0x00000000c4200000, 0x00000000c4200000, 0x00000000c4300000|  0%| F|  |TAMS 0x00000000c4200000, 0x00000000c4200000| Untracked 
|  23|0x00000000c4300000, 0x00000000c4300000, 0x00000000c4400000|  0%| F|  |TAMS 0x00000000c4300000, 0x00000000c4300000| Untracked 
|  24|0x00000000c4400000, 0x00000000c4400000, 0x00000000c4500000|  0%| F|  |TAMS 0x00000000c4400000, 0x00000000c4400000| Untracked 
|  25|0x00000000c4500000, 0x00000000c4500000, 0x00000000c4600000|  0%| F|  |TAMS 0x00000000c4500000, 0x00000000c4500000| Untracked 
|  26|0x00000000c4600000, 0x00000000c4600000, 0x00000000c4700000|  0%| F|  |TAMS 0x00000000c4600000, 0x00000000c4600000| Untracked 
|  27|0x00000000c4700000, 0x00000000c4700000, 0x00000000c4800000|  0%| F|  |TAMS 0x00000000c4700000, 0x00000000c4700000| Untracked 
|  28|0x00000000c4800000, 0x00000000c4800000, 0x00000000c4900000|  0%| F|  |TAMS 0x00000000c4800000, 0x00000000c4800000| Untracked 
|  29|0x00000000c4900000, 0x00000000c4900000, 0x00000000c4a00000|  0%| F|  |TAMS 0x00000000c4900000, 0x00000000c4900000| Untracked 
|  30|0x00000000c4a00000, 0x00000000c4a00000, 0x00000000c4b00000|  0%| F|  |TAMS 0x00000000c4a00000, 0x00000000c4a00000| Untracked 
|  31|0x00000000c4b00000, 0x00000000c4b00000, 0x00000000c4c00000|  0%| F|  |TAMS 0x00000000c4b00000, 0x00000000c4b00000| Untracked 
|  32|0x00000000c4c00000, 0x00000000c4c00000, 0x00000000c4d00000|  0%| F|  |TAMS 0x00000000c4c00000, 0x00000000c4c00000| Untracked 
|  33|0x00000000c4d00000, 0x00000000c4d00000, 0x00000000c4e00000|  0%| F|  |TAMS 0x00000000c4d00000, 0x00000000c4d00000| Untracked 
|  34|0x00000000c4e00000, 0x00000000c4e00000, 0x00000000c4f00000|  0%| F|  |TAMS 0x00000000c4e00000, 0x00000000c4e00000| Untracked 
|  35|0x00000000c4f00000, 0x00000000c4f00000, 0x00000000c5000000|  0%| F|  |TAMS 0x00000000c4f00000, 0x00000000c4f00000| Untracked 
|  36|0x00000000c5000000, 0x00000000c5000000, 0x00000000c5100000|  0%| F|  |TAMS 0x00000000c5000000, 0x00000000c5000000| Untracked 
|  37|0x00000000c5100000, 0x00000000c5100000, 0x00000000c5200000|  0%| F|  |TAMS 0x00000000c5100000, 0x00000000c5100000| Untracked 
|  38|0x00000000c5200000, 0x00000000c5200000, 0x00000000c5300000|  0%| F|  |TAMS 0x00000000c5200000, 0x00000000c5200000| Untracked 
|  39|0x00000000c5300000, 0x00000000c5300000, 0x00000000c5400000|  0%| F|  |TAMS 0x00000000c5300000, 0x00000000c5300000| Untracked 
|  40|0x00000000c5400000, 0x00000000c5400000, 0x00000000c5500000|  0%| F|  |TAMS 0x00000000c5400000, 0x00000000c5400000| Untracked 
|  41|0x00000000c5500000, 0x00000000c5500000, 0x00000000c5600000|  0%| F|  |TAMS 0x00000000c5500000, 0x00000000c5500000| Untracked 
|  42|0x00000000c5600000, 0x00000000c5600000, 0x00000000c5700000|  0%| F|  |TAMS 0x00000000c5600000, 0x00000000c5600000| Untracked 
|  43|0x00000000c5700000, 0x00000000c5700000, 0x00000000c5800000|  0%| F|  |TAMS 0x00000000c5700000, 0x00000000c5700000| Untracked 
|  44|0x00000000c5800000, 0x00000000c5800000, 0x00000000c5900000|  0%| F|  |TAMS 0x00000000c5800000, 0x00000000c5800000| Untracked 
|  45|0x00000000c5900000, 0x00000000c5900000, 0x00000000c5a00000|  0%| F|  |TAMS 0x00000000c5900000, 0x00000000c5900000| Untracked 
|  46|0x00000000c5a00000, 0x00000000c5a00000, 0x00000000c5b00000|  0%| F|  |TAMS 0x00000000c5a00000, 0x00000000c5a00000| Untracked 
|  47|0x00000000c5b00000, 0x00000000c5b00000, 0x00000000c5c00000|  0%| F|  |TAMS 0x00000000c5b00000, 0x00000000c5b00000| Untracked 
|  48|0x00000000c5c00000, 0x00000000c5c00000, 0x00000000c5d00000|  0%| F|  |TAMS 0x00000000c5c00000, 0x00000000c5c00000| Untracked 
|  49|0x00000000c5d00000, 0x00000000c5d00000, 0x00000000c5e00000|  0%| F|  |TAMS 0x00000000c5d00000, 0x00000000c5d00000| Untracked 
|  50|0x00000000c5e00000, 0x00000000c5e00000, 0x00000000c5f00000|  0%| F|  |TAMS 0x00000000c5e00000, 0x00000000c5e00000| Untracked 
|  51|0x00000000c5f00000, 0x00000000c5f00000, 0x00000000c6000000|  0%| F|  |TAMS 0x00000000c5f00000, 0x00000000c5f00000| Untracked 
|  52|0x00000000c6000000, 0x00000000c6000000, 0x00000000c6100000|  0%| F|  |TAMS 0x00000000c6000000, 0x00000000c6000000| Untracked 
|  53|0x00000000c6100000, 0x00000000c6100000, 0x00000000c6200000|  0%| F|  |TAMS 0x00000000c6100000, 0x00000000c6100000| Untracked 
|  54|0x00000000c6200000, 0x00000000c6200000, 0x00000000c6300000|  0%| F|  |TAMS 0x00000000c6200000, 0x00000000c6200000| Untracked 
|  55|0x00000000c6300000, 0x00000000c6300000, 0x00000000c6400000|  0%| F|  |TAMS 0x00000000c6300000, 0x00000000c6300000| Untracked 
|  56|0x00000000c6400000, 0x00000000c6400000, 0x00000000c6500000|  0%| F|  |TAMS 0x00000000c6400000, 0x00000000c6400000| Untracked 
|  57|0x00000000c6500000, 0x00000000c6500000, 0x00000000c6600000|  0%| F|  |TAMS 0x00000000c6500000, 0x00000000c6500000| Untracked 
|  58|0x00000000c6600000, 0x00000000c6600000, 0x00000000c6700000|  0%| F|  |TAMS 0x00000000c6600000, 0x00000000c6600000| Untracked 
|  59|0x00000000c6700000, 0x00000000c6700000, 0x00000000c6800000|  0%| F|  |TAMS 0x00000000c6700000, 0x00000000c6700000| Untracked 
|  60|0x00000000c6800000, 0x00000000c6800000, 0x00000000c6900000|  0%| F|  |TAMS 0x00000000c6800000, 0x00000000c6800000| Untracked 
|  61|0x00000000c6900000, 0x00000000c693d838, 0x00000000c6a00000| 24%| E|  |TAMS 0x00000000c6900000, 0x00000000c6900000| Complete 

Card table byte_map: [0x00000172dc290000,0x00000172dc480000] _byte_map_base: 0x00000172dbc7a000

Marking Bits (Prev, Next): (CMBitMap*) 0x00000172c3c5de30, (CMBitMap*) 0x00000172c3c5de70
 Prev Bits: [0x00000172dc670000, 0x00000172dd5c0000)
 Next Bits: [0x00000172dd5c0000, 0x00000172de510000)

Polling page: 0x00000172c3d10000

Metaspace:

Usage:
  Non-class:      1.72 MB used.
      Class:    149.17 KB used.
       Both:      1.87 MB used.

Virtual space:
  Non-class space:        8.00 MB reserved,       1.75 MB ( 22%) committed,  1 nodes.
      Class space:        1.00 GB reserved,     192.00 KB ( <1%) committed,  1 nodes.
             Both:        1.01 GB reserved,       1.94 MB ( <1%) committed. 

Chunk freelists:
   Non-Class:  0 bytes
       Class:  3.75 MB
        Both:  3.75 MB

MaxMetaspaceSize: unlimited
CompressedClassSpaceSize: 1.00 GB
Initial GC threshold: 21.00 MB
Current GC threshold: 17179869184.00 GB
CDS: off
MetaspaceReclaimPolicy: balanced
 - commit_granule_bytes: 65536.
 - commit_granule_words: 8192.
 - virtual_space_node_default_size: 1048576.
 - enlarge_chunks_in_place: 1.
 - new_chunks_are_fully_committed: 0.
 - uncommit_free_chunks: 1.
 - use_allocation_guard: 0.
 - handle_deallocations: 1.


Internal statistics:

num_allocs_failed_limit: 0.
num_arena_births: 2.
num_arena_deaths: 0.
num_vsnodes_births: 2.
num_vsnodes_deaths: 0.
num_space_committed: 31.
num_space_uncommitted: 0.
num_chunks_returned_to_freelist: 0.
num_chunks_taken_from_freelist: 3.
num_chunk_merges: 0.
num_chunk_splits: 1.
num_chunks_enlarged: 0.
num_purges: 0.
num_inconsistent_stats: 0.

CodeHeap 'non-profiled nmethods': size=120064Kb used=0Kb max_used=0Kb free=120064Kb
 bounds [0x00000172d4760000, 0x00000172d49d0000, 0x00000172dbca0000]
CodeHeap 'profiled nmethods': size=120000Kb used=0Kb max_used=0Kb free=120000Kb
 bounds [0x00000172cd230000, 0x00000172cd4a0000, 0x00000172d4760000]
CodeHeap 'non-nmethods': size=5696Kb used=361Kb max_used=361Kb free=5334Kb
 bounds [0x00000172ccca0000, 0x00000172ccf10000, 0x00000172cd230000]
 total_blobs=150 nmethods=0 adapters=124
 compilation: enabled
              stopped_count=0, restarted_count=0
 full_count=0

Compilation events (0 events):
No events

GC Heap History (0 events):
No events

Deoptimization events (0 events):
No events

Classes unloaded (0 events):
No events

Classes redefined (0 events):
No events

Internal exceptions (0 events):
No events

VM Operations (0 events):
No events

Events (20 events):
Event: 1.524 loading class java/lang/ref/ReferenceQueue$Lock
Event: 1.524 loading class java/lang/ref/ReferenceQueue$Lock done
Event: 1.524 Thread 0x0000017280175260 Thread added: 0x0000017280175260
Event: 1.524 loading class java/lang/ref/Reference$1
Event: 1.524 loading class jdk/internal/access/JavaLangRefAccess
Event: 1.524 loading class jdk/internal/access/JavaLangRefAccess done
Event: 1.524 loading class java/lang/ref/Reference$1 done
Event: 1.525 loading class java/lang/ref/Finalizer$FinalizerThread
Event: 1.525 loading class java/lang/ref/Finalizer$FinalizerThread done
Event: 1.525 Thread 0x00000172801298f0 Thread added: 0x00000172801298f0
Event: 1.525 loading class java/lang/System$2
Event: 1.525 loading class jdk/internal/misc/VM
Event: 1.525 loading class jdk/internal/misc/VM done
Event: 1.526 loading class jdk/internal/access/JavaLangAccess
Event: 1.526 loading class jdk/internal/access/JavaLangAccess done
Event: 1.526 loading class java/lang/System$2 done
Event: 1.526 loading class jdk/internal/util/SystemProps
Event: 1.526 loading class jdk/internal/util/SystemProps done
Event: 1.526 loading class jdk/internal/util/SystemProps$Raw
Event: 1.526 loading class jdk/internal/util/SystemProps$Raw done


Dynamic libraries:
0x00007ff61f730000 - 0x00007ff61f740000 	C:\Program Files\Java\jdk-17.0.2\bin\javaw.exe
0x00007ffd6e5e0000 - 0x00007ffd6e7e9000 	C:\WINDOWS\SYSTEM32\ntdll.dll
0x00007ffd3d860000 - 0x00007ffd3d876000 	C:\Program Files\Avast Software\Avast\aswhook.dll
0x00007ffd6cb00000 - 0x00007ffd6cbbd000 	C:\WINDOWS\System32\KERNEL32.DLL
0x00007ffd6bf90000 - 0x00007ffd6c309000 	C:\WINDOWS\System32\KERNELBASE.dll
0x00007ffd6bad0000 - 0x00007ffd6bbe1000 	C:\WINDOWS\System32\ucrtbase.dll
0x00007ffd5b840000 - 0x00007ffd5b858000 	C:\Program Files\Java\jdk-17.0.2\bin\jli.dll
0x00007ffd6dea0000 - 0x00007ffd6df4e000 	C:\WINDOWS\System32\ADVAPI32.dll
0x00007ffd6cbc0000 - 0x00007ffd6cc63000 	C:\WINDOWS\System32\msvcrt.dll
0x00007ffd6df80000 - 0x00007ffd6e01e000 	C:\WINDOWS\System32\sechost.dll
0x00007ffd6e390000 - 0x00007ffd6e4b0000 	C:\WINDOWS\System32\RPCRT4.dll
0x00007ffd6c830000 - 0x00007ffd6c9dc000 	C:\WINDOWS\System32\USER32.dll
0x00007ffd6bd80000 - 0x00007ffd6bda6000 	C:\WINDOWS\System32\win32u.dll
0x00007ffd6df50000 - 0x00007ffd6df79000 	C:\WINDOWS\System32\GDI32.dll
0x00007ffd6bc60000 - 0x00007ffd6bd72000 	C:\WINDOWS\System32\gdi32full.dll
0x00007ffd6bef0000 - 0x00007ffd6bf8d000 	C:\WINDOWS\System32\msvcp_win.dll
0x00007ffd5aa80000 - 0x00007ffd5aa9a000 	C:\Program Files\Java\jdk-17.0.2\bin\VCRUNTIME140.dll
0x00007ffd4b880000 - 0x00007ffd4bb25000 	C:\WINDOWS\WinSxS\amd64_microsoft.windows.common-controls_6595b64144ccf1df_6.0.22000.120_none_9d947278b86cc467\COMCTL32.dll
0x00007ffd641d0000 - 0x00007ffd641da000 	C:\WINDOWS\SYSTEM32\VERSION.dll
0x00007ffd6c750000 - 0x00007ffd6c781000 	C:\WINDOWS\System32\IMM32.DLL
0x00007ffd683f0000 - 0x00007ffd683fc000 	C:\Program Files\Java\jdk-17.0.2\bin\vcruntime140_1.dll
0x00007ffd5a700000 - 0x00007ffd5a78d000 	C:\Program Files\Java\jdk-17.0.2\bin\msvcp140.dll
0x00007ffd1ced0000 - 0x00007ffd1da91000 	C:\Program Files\Java\jdk-17.0.2\bin\server\jvm.dll
0x00007ffd6c800000 - 0x00007ffd6c808000 	C:\WINDOWS\System32\PSAPI.DLL
0x00007ffd5b510000 - 0x00007ffd5b519000 	C:\WINDOWS\SYSTEM32\WSOCK32.dll
0x00007ffd6c790000 - 0x00007ffd6c7ff000 	C:\WINDOWS\System32\WS2_32.dll
0x00007ffd66400000 - 0x00007ffd66433000 	C:\WINDOWS\SYSTEM32\WINMM.dll
0x00007ffd6abd0000 - 0x00007ffd6abe8000 	C:\WINDOWS\SYSTEM32\kernel.appcore.dll
0x00007ffd5ab30000 - 0x00007ffd5ab3a000 	C:\Program Files\Java\jdk-17.0.2\bin\jimage.dll
0x00007ffd697b0000 - 0x00007ffd699d1000 	C:\WINDOWS\SYSTEM32\DBGHELP.DLL
0x00007ffd5d8b0000 - 0x00007ffd5d8e1000 	C:\WINDOWS\SYSTEM32\dbgcore.DLL
0x00007ffd6be70000 - 0x00007ffd6beef000 	C:\WINDOWS\System32\bcryptPrimitives.dll
0x00007ffd5aaa0000 - 0x00007ffd5aac5000 	C:\Program Files\Java\jdk-17.0.2\bin\java.dll
0x00007ffd5a8a0000 - 0x00007ffd5a976000 	C:\Program Files\Java\jdk-17.0.2\bin\jsvml.dll

dbghelp: loaded successfully - version: 4.0.5 - missing functions: none
symbol engine: initialized successfully - sym options: 0x614 - pdb path: .;C:\Program Files\Java\jdk-17.0.2\bin;C:\WINDOWS\SYSTEM32;C:\Program Files\Avast Software\Avast;C:\WINDOWS\WinSxS\amd64_microsoft.windows.common-controls_6595b64144ccf1df_6.0.22000.120_none_9d947278b86cc467;C:\Program Files\Java\jdk-17.0.2\bin\server

VM Arguments:
jvm_args: -Dfile.encoding=Cp1252 --module-path=C:\Users\Dario\eclipse-workspace\Practica2\bin -XX:+ShowCodeDetailsInExceptionMessages -Djdk.module.main=Practica2 
java_command: Practica2/practica2.ListaTest
java_class_path (initial): <not set>
Launcher Type: SUN_STANDARD

[Global flags]
     intx CICompilerCount                          = 2                                         {product} {ergonomic}
     uint ConcGCThreads                            = 1                                         {product} {ergonomic}
     uint G1ConcRefinementThreads                  = 2                                         {product} {ergonomic}
   size_t G1HeapRegionSize                         = 1048576                                   {product} {ergonomic}
    uintx GCDrainStackTargetSize                   = 64                                        {product} {ergonomic}
   size_t InitialHeapSize                          = 65011712                                  {product} {ergonomic}
   size_t MarkStackSize                            = 4194304                                   {product} {ergonomic}
   size_t MaxHeapSize                              = 1027604480                                {product} {ergonomic}
   size_t MaxNewSize                               = 616562688                                 {product} {ergonomic}
   size_t MinHeapDeltaBytes                        = 1048576                                   {product} {ergonomic}
   size_t MinHeapSize                              = 8388608                                   {product} {ergonomic}
    uintx NonNMethodCodeHeapSize                   = 5826188                                {pd product} {ergonomic}
    uintx NonProfiledCodeHeapSize                  = 122916026                              {pd product} {ergonomic}
    uintx ProfiledCodeHeapSize                     = 122916026                              {pd product} {ergonomic}
    uintx ReservedCodeCacheSize                    = 251658240                              {pd product} {ergonomic}
     bool SegmentedCodeCache                       = true                                      {product} {ergonomic}
     bool ShowCodeDetailsInExceptionMessages       = true                                   {manageable} {command line}
   size_t SoftMaxHeapSize                          = 1027604480                             {manageable} {ergonomic}
     bool UseCompressedClassPointers               = true                           {product lp64_product} {ergonomic}
     bool UseCompressedOops                        = true                           {product lp64_product} {ergonomic}
     bool UseG1GC                                  = true                                      {product} {ergonomic}
     bool UseLargePagesIndividualAllocation        = false                                  {pd product} {ergonomic}

Logging:
Log output configuration:
 #0: stdout all=warning uptime,level,tags
 #1: stderr all=off uptime,level,tags

Environment Variables:
PATH=C:/Program Files/Java/jdk-17.0.2/bin/server;C:/Program Files/Java/jdk-17.0.2/bin;C:\Program Files\Eclipse Adoptium\jdk-17.0.2.8-hotspot\bin;C:\Program Files\Common Files\Oracle\Java\javapath;C:\WINDOWS\system32;C:\WINDOWS;C:\WINDOWS\System32\Wbem;C:\WINDOWS\System32\WindowsPowerShell\v1.0\;C:\WINDOWS\System32\OpenSSH\;C:\Program Files\Intel\TXE Components\DAL\;C:\Program Files (x86)\Intel\TXE Components\DAL\;C:\Recovery\OEM\Backup\;C:\WINDOWS\system32;C:\WINDOWS;C:\WINDOWS\System32\Wbem;C:\WINDOWS\System32\WindowsPowerShell\v1.0\;C:\WINDOWS\System32\OpenSSH\;C:\Program Files\Git\cmd;C:\Users\Dario\AppData\Local\Microsoft\WindowsApps;C:\Users\Dario\AppData\Local\Programs\Microsoft VS Code\bin;;C:\Users\Dario\OneDrive\Desktop;
USERNAME=Dario
OS=Windows_NT
PROCESSOR_IDENTIFIER=Intel64 Family 6 Model 122 Stepping 1, GenuineIntel



---------------  S Y S T E M  ---------------

OS:
 Windows 11 , 64 bit Build 22000 (10.0.22000.675)
OS uptime: 8 days 13:33 hours

CPU: total 2 (initial active 2) (2 cores per cpu, 1 threads per core) family 6 model 122 stepping 1 microcode 0x34, cx8, cmov, fxsr, mmx, 3dnowpref, sse, sse2, sse3, ssse3, sse4.1, sse4.2, popcnt, tsc, tscinvbit, aes, erms, clmul, sha, clflush, clflushopt

Memory: 4k page, system-wide physical 3916M (442M free)
TotalPageFile size 11290M (AvailPageFile size 0M)
current process WorkingSet (physical memory assigned to process): 17M, peak: 17M
current process commit charge ("private bytes"): 116M, peak: 124M

vm_info: Java HotSpot(TM) 64-Bit Server VM (17.0.2+8-LTS-86) for windows-amd64 JRE (17.0.2+8-LTS-86), built on Dec  7 2021 21:51:03 by "mach5one" with MS VC++ 16.8 / 16.9 (VS2019)

END.
