#
# There is insufficient memory for the Java Runtime Environment to continue.
# Native memory allocation (malloc) failed to allocate 32744 bytes for ChunkPool::allocate
# Possible reasons:
#   The system is out of physical RAM or swap space
#   The process is running with CompressedOops enabled, and the Java Heap may be blocking the growth of the native heap
# Possible solutions:
#   Reduce memory load on the system
#   Increase physical memory or swap space
#   Check if swap backing store is full
#   Decrease Java heap size (-Xmx/-Xms)
#   Decrease number of Java threads
#   Decrease Java thread stack sizes (-Xss)
#   Set larger code cache with -XX:ReservedCodeCacheSize=
#   JVM is running with Unscaled Compressed Oops mode in which the Java heap is
#     placed in the first 4GB address space. The Java Heap base address is the
#     maximum limit for the native heap growth. Please use -XX:HeapBaseMinAddress
#     to set the Java Heap base and to place the Java Heap above 4GB virtual address.
# This output file may be truncated or incomplete.
#
#  Out of Memory Error (arena.cpp:78), pid=13644, tid=20828
#
# JRE version: Java(TM) SE Runtime Environment (17.0.2+8) (build 17.0.2+8-LTS-86)
# Java VM: Java HotSpot(TM) 64-Bit Server VM (17.0.2+8-LTS-86, mixed mode, sharing, tiered, compressed oops, compressed class ptrs, g1 gc, windows-amd64)
# No core dump will be written. Minidumps are not enabled by default on client versions of Windows
#

---------------  S U M M A R Y ------------

Command Line: -Dfile.encoding=Cp1252 --module-path=C:\Users\Dario\eclipse-workspace\Practica2\bin -XX:+ShowCodeDetailsInExceptionMessages -Djdk.module.main=Practica2 Practica2/practica2.ListaTest

Host: Intel(R) Celeron(R) N4000 CPU @ 1.10GHz, 2 cores, 3G,  Windows 11 , 64 bit Build 22000 (10.0.22000.675)
Time: Mon Jun  6 09:46:13 2022 Hora estándar de Argentina elapsed time: 3.178344 seconds (0d 0h 0m 3s)

---------------  T H R E A D  ---------------

Current thread (0x0000014db2cc7d50):  JavaThread "C1 CompilerThread0" daemon [_thread_in_native, id=20828, stack(0x00000028d0a00000,0x00000028d0b00000)]


Current CompileTask:
C1:   3178   42   !   3      
[error occurred during error reporting (printing current compile task), id 0xe0000001, Out of Memory Error (t:\workspace\open\src\hotspot\share\memory\arena.cpp:78)]

Stack: [0x00000028d0a00000,0x00000028d0b00000]
Native frames: (J=compiled Java code, j=interpreted, Vv=VM code, C=native code)
V  [jvm.dll+0x670baa]
V  [jvm.dll+0x7cfcb4]
V  [jvm.dll+0x7d145e]
V  [jvm.dll+0x7d1ac3]
V  [jvm.dll+0x242bc5]
V  [jvm.dll+0xaa7c0]
V  [jvm.dll+0xaab0c]
V  [jvm.dll+0x73d66c]
V  [jvm.dll+0x73d759]
V  [jvm.dll+0x625ae9]
V  [jvm.dll+0x229296]
V  [jvm.dll+0x229817]
V  [jvm.dll+0x7cfb4a]
V  [jvm.dll+0x7d145e]
V  [jvm.dll+0x7d1ac3]
V  [jvm.dll+0x242bc5]
V  [jvm.dll+0xaa7c0]
V  [jvm.dll+0xaab0c]
V  [jvm.dll+0x65e23b]
V  [jvm.dll+0x148171]
V  [jvm.dll+0x14e1e7]
V  [jvm.dll+0x14e5ea]
V  [jvm.dll+0x14e887]
V  [jvm.dll+0x14e6be]
V  [jvm.dll+0x132619]
V  [jvm.dll+0x13217a]
V  [jvm.dll+0x132366]
V  [jvm.dll+0x1317fa]
V  [jvm.dll+0x1334c1]
V  [jvm.dll+0x224908]
V  [jvm.dll+0x222a6c]
V  [jvm.dll+0x7859bb]
V  [jvm.dll+0x77ff7a]
V  [jvm.dll+0x66fa35]
C  [ucrtbase.dll+0x26c0c]
C  [KERNEL32.DLL+0x154e0]
C  [ntdll.dll+0x485b]


---------------  P R O C E S S  ---------------

Threads class SMR info:
_java_thread_list=0x0000014db2d0e0b0, length=11, elements={
0x0000014d96044ac0, 0x0000014db2c39d30, 0x0000014db2c3ae20, 0x0000014db2c4f520,
0x0000014db2c51df0, 0x0000014db2c536c0, 0x0000014db2c53f80, 0x0000014db2c54b70,
0x0000014db2cc7d50, 0x0000014db2ccaa80, 0x0000014d96116950
}

Java Threads: ( => current thread )
  0x0000014d96044ac0 JavaThread "main" [_thread_in_vm, id=16768, stack(0x00000028cfc00000,0x00000028cfd00000)]
  0x0000014db2c39d30 JavaThread "Reference Handler" daemon [_thread_blocked, id=16204, stack(0x00000028d0300000,0x00000028d0400000)]
  0x0000014db2c3ae20 JavaThread "Finalizer" daemon [_thread_blocked, id=15964, stack(0x00000028d0400000,0x00000028d0500000)]
  0x0000014db2c4f520 JavaThread "Signal Dispatcher" daemon [_thread_blocked, id=13548, stack(0x00000028d0500000,0x00000028d0600000)]
  0x0000014db2c51df0 JavaThread "Attach Listener" daemon [_thread_blocked, id=18648, stack(0x00000028d0600000,0x00000028d0700000)]
  0x0000014db2c536c0 JavaThread "Service Thread" daemon [_thread_blocked, id=17172, stack(0x00000028d0700000,0x00000028d0800000)]
  0x0000014db2c53f80 JavaThread "Monitor Deflation Thread" daemon [_thread_blocked, id=20396, stack(0x00000028d0800000,0x00000028d0900000)]
  0x0000014db2c54b70 JavaThread "C2 CompilerThread0" daemon [_thread_blocked, id=17928, stack(0x00000028d0900000,0x00000028d0a00000)]
=>0x0000014db2cc7d50 JavaThread "C1 CompilerThread0" daemon [_thread_in_native, id=20828, stack(0x00000028d0a00000,0x00000028d0b00000)]
  0x0000014db2ccaa80 JavaThread "Sweeper thread" daemon [_thread_blocked, id=15440, stack(0x00000028d0b00000,0x00000028d0c00000)]
  0x0000014d96116950 JavaThread "Common-Cleaner" daemon [_thread_blocked, id=22320, stack(0x00000028d0c00000,0x00000028d0d00000)]

Other Threads:
  0x0000014d9611eb40 VMThread "VM Thread" [stack: 0x00000028d0200000,0x00000028d0300000] [id=20424]
  0x0000014d9606db00 GCTaskThread "GC Thread#0" [stack: 0x00000028cfd00000,0x00000028cfe00000] [id=18580]
  0x0000014d960764c0 ConcurrentGCThread "G1 Main Marker" [stack: 0x00000028cfe00000,0x00000028cff00000] [id=9052]
  0x0000014d96077fb0 ConcurrentGCThread "G1 Conc#0" [stack: 0x00000028cff00000,0x00000028d0000000] [id=13232]
  0x0000014d960afe50 ConcurrentGCThread "G1 Refine#0" [stack: 0x00000028d0000000,0x00000028d0100000] [id=17104]
  0x0000014d960b1080 ConcurrentGCThread "G1 Service" [stack: 0x00000028d0100000,0x00000028d0200000] [id=10884]

Threads with active compile tasks:
C1 CompilerThread0     3318   42   !   3       java.util.concurrent.ConcurrentHashMap::putVal (432 bytes)

VM state: not at safepoint (normal execution)

VM Mutex/Monitor currently owned by a thread:  ([mutex/lock_event])
[0x0000014d9603fb60] Metaspace_lock - owner thread: 0x0000014d96044ac0

Heap address: 0x00000000c2c00000, size: 980 MB, Compressed Oops mode: 32-bit

CDS archive(s) mapped at: [0x0000000800000000-0x0000000800bc0000-0x0000000800bc0000), size 12320768, SharedBaseAddress: 0x0000000800000000, ArchiveRelocationMode: 0.
Compressed class space mapped at: 0x0000000800c00000-0x0000000840c00000, reserved size: 1073741824
Narrow klass base: 0x0000000800000000, Narrow klass shift: 0, Narrow klass range: 0x100000000

GC Precious Log:
 CPUs: 2 total, 2 available
 Memory: 3916M
 Large Page Support: Disabled
 NUMA Support: Disabled
 Compressed Oops: Enabled (32-bit)
 Heap Region Size: 1M
 Heap Min Capacity: 8M
 Heap Initial Capacity: 62M
 Heap Max Capacity: 980M
 Pre-touch: Disabled
 Parallel Workers: 2
 Concurrent Workers: 1
 Concurrent Refinement Workers: 2
 Periodic GC: Disabled

Heap:
 garbage-first heap   total 63488K, used 0K [0x00000000c2c00000, 0x0000000100000000)
  region size 1024K, 1 young (1024K), 0 survivors (0K)
 Metaspace       used 143K, committed 256K, reserved 1056768K
  class space    used 4K, committed 64K, reserved 1048576K

Heap Regions: E=young(eden), S=young(survivor), O=old, HS=humongous(starts), HC=humongous(continues), CS=collection set, F=free, OA=open archive, CA=closed archive, TAMS=top-at-mark-start (previous, next)
|   0|0x00000000c2c00000, 0x00000000c2c00000, 0x00000000c2d00000|  0%| F|  |TAMS 0x00000000c2c00000, 0x00000000c2c00000| Untracked 
|   1|0x00000000c2d00000, 0x00000000c2d00000, 0x00000000c2e00000|  0%| F|  |TAMS 0x00000000c2d00000, 0x00000000c2d00000| Untracked 
|   2|0x00000000c2e00000, 0x00000000c2e00000, 0x00000000c2f00000|  0%| F|  |TAMS 0x00000000c2e00000, 0x00000000c2e00000| Untracked 
|   3|0x00000000c2f00000, 0x00000000c2f00000, 0x00000000c3000000|  0%| F|  |TAMS 0x00000000c2f00000, 0x00000000c2f00000| Untracked 
|   4|0x00000000c3000000, 0x00000000c3000000, 0x00000000c3100000|  0%| F|  |TAMS 0x00000000c3000000, 0x00000000c3000000| Untracked 
|   5|0x00000000c3100000, 0x00000000c3100000, 0x00000000c3200000|  0%| F|  |TAMS 0x00000000c3100000, 0x00000000c3100000| Untracked 
|   6|0x00000000c3200000, 0x00000000c3200000, 0x00000000c3300000|  0%| F|  |TAMS 0x00000000c3200000, 0x00000000c3200000| Untracked 
|   7|0x00000000c3300000, 0x00000000c3300000, 0x00000000c3400000|  0%| F|  |TAMS 0x00000000c3300000, 0x00000000c3300000| Untracked 
|   8|0x00000000c3400000, 0x00000000c3400000, 0x00000000c3500000|  0%| F|  |TAMS 0x00000000c3400000, 0x00000000c3400000| Untracked 
|   9|0x00000000c3500000, 0x00000000c3500000, 0x00000000c3600000|  0%| F|  |TAMS 0x00000000c3500000, 0x00000000c3500000| Untracked 
|  10|0x00000000c3600000, 0x00000000c3600000, 0x00000000c3700000|  0%| F|  |TAMS 0x00000000c3600000, 0x00000000c3600000| Untracked 
|  11|0x00000000c3700000, 0x00000000c3700000, 0x00000000c3800000|  0%| F|  |TAMS 0x00000000c3700000, 0x00000000c3700000| Untracked 
|  12|0x00000000c3800000, 0x00000000c3800000, 0x00000000c3900000|  0%| F|  |TAMS 0x00000000c3800000, 0x00000000c3800000| Untracked 
|  13|0x00000000c3900000, 0x00000000c3900000, 0x00000000c3a00000|  0%| F|  |TAMS 0x00000000c3900000, 0x00000000c3900000| Untracked 
|  14|0x00000000c3a00000, 0x00000000c3a00000, 0x00000000c3b00000|  0%| F|  |TAMS 0x00000000c3a00000, 0x00000000c3a00000| Untracked 
|  15|0x00000000c3b00000, 0x00000000c3b00000, 0x00000000c3c00000|  0%| F|  |TAMS 0x00000000c3b00000, 0x00000000c3b00000| Untracked 
|  16|0x00000000c3c00000, 0x00000000c3c00000, 0x00000000c3d00000|  0%| F|  |TAMS 0x00000000c3c00000, 0x00000000c3c00000| Untracked 
|  17|0x00000000c3d00000, 0x00000000c3d00000, 0x00000000c3e00000|  0%| F|  |TAMS 0x00000000c3d00000, 0x00000000c3d00000| Untracked 
|  18|0x00000000c3e00000, 0x00000000c3e00000, 0x00000000c3f00000|  0%| F|  |TAMS 0x00000000c3e00000, 0x00000000c3e00000| Untracked 
|  19|0x00000000c3f00000, 0x00000000c3f00000, 0x00000000c4000000|  0%| F|  |TAMS 0x00000000c3f00000, 0x00000000c3f00000| Untracked 
|  20|0x00000000c4000000, 0x00000000c4000000, 0x00000000c4100000|  0%| F|  |TAMS 0x00000000c4000000, 0x00000000c4000000| Untracked 
|  21|0x00000000c4100000, 0x00000000c4100000, 0x00000000c4200000|  0%| F|  |TAMS 0x00000000c4100000, 0x00000000c4100000| Untracked 
|  22|0x00000000c4200000, 0x00000000c4200000, 0x00000000c4300000|  0%| F|  |TAMS 0x00000000c4200000, 0x00000000c4200000| Untracked 
|  23|0x00000000c4300000, 0x00000000c4300000, 0x00000000c4400000|  0%| F|  |TAMS 0x00000000c4300000, 0x00000000c4300000| Untracked 
|  24|0x00000000c4400000, 0x00000000c4400000, 0x00000000c4500000|  0%| F|  |TAMS 0x00000000c4400000, 0x00000000c4400000| Untracked 
|  25|0x00000000c4500000, 0x00000000c4500000, 0x00000000c4600000|  0%| F|  |TAMS 0x00000000c4500000, 0x00000000c4500000| Untracked 
|  26|0x00000000c4600000, 0x00000000c4600000, 0x00000000c4700000|  0%| F|  |TAMS 0x00000000c4600000, 0x00000000c4600000| Untracked 
|  27|0x00000000c4700000, 0x00000000c4700000, 0x00000000c4800000|  0%| F|  |TAMS 0x00000000c4700000, 0x00000000c4700000| Untracked 
|  28|0x00000000c4800000, 0x00000000c4800000, 0x00000000c4900000|  0%| F|  |TAMS 0x00000000c4800000, 0x00000000c4800000| Untracked 
|  29|0x00000000c4900000, 0x00000000c4900000, 0x00000000c4a00000|  0%| F|  |TAMS 0x00000000c4900000, 0x00000000c4900000| Untracked 
|  30|0x00000000c4a00000, 0x00000000c4a00000, 0x00000000c4b00000|  0%| F|  |TAMS 0x00000000c4a00000, 0x00000000c4a00000| Untracked 
|  31|0x00000000c4b00000, 0x00000000c4b00000, 0x00000000c4c00000|  0%| F|  |TAMS 0x00000000c4b00000, 0x00000000c4b00000| Untracked 
|  32|0x00000000c4c00000, 0x00000000c4c00000, 0x00000000c4d00000|  0%| F|  |TAMS 0x00000000c4c00000, 0x00000000c4c00000| Untracked 
|  33|0x00000000c4d00000, 0x00000000c4d00000, 0x00000000c4e00000|  0%| F|  |TAMS 0x00000000c4d00000, 0x00000000c4d00000| Untracked 
|  34|0x00000000c4e00000, 0x00000000c4e00000, 0x00000000c4f00000|  0%| F|  |TAMS 0x00000000c4e00000, 0x00000000c4e00000| Untracked 
|  35|0x00000000c4f00000, 0x00000000c4f00000, 0x00000000c5000000|  0%| F|  |TAMS 0x00000000c4f00000, 0x00000000c4f00000| Untracked 
|  36|0x00000000c5000000, 0x00000000c5000000, 0x00000000c5100000|  0%| F|  |TAMS 0x00000000c5000000, 0x00000000c5000000| Untracked 
|  37|0x00000000c5100000, 0x00000000c5100000, 0x00000000c5200000|  0%| F|  |TAMS 0x00000000c5100000, 0x00000000c5100000| Untracked 
|  38|0x00000000c5200000, 0x00000000c5200000, 0x00000000c5300000|  0%| F|  |TAMS 0x00000000c5200000, 0x00000000c5200000| Untracked 
|  39|0x00000000c5300000, 0x00000000c5300000, 0x00000000c5400000|  0%| F|  |TAMS 0x00000000c5300000, 0x00000000c5300000| Untracked 
|  40|0x00000000c5400000, 0x00000000c5400000, 0x00000000c5500000|  0%| F|  |TAMS 0x00000000c5400000, 0x00000000c5400000| Untracked 
|  41|0x00000000c5500000, 0x00000000c5500000, 0x00000000c5600000|  0%| F|  |TAMS 0x00000000c5500000, 0x00000000c5500000| Untracked 
|  42|0x00000000c5600000, 0x00000000c5600000, 0x00000000c5700000|  0%| F|  |TAMS 0x00000000c5600000, 0x00000000c5600000| Untracked 
|  43|0x00000000c5700000, 0x00000000c5700000, 0x00000000c5800000|  0%| F|  |TAMS 0x00000000c5700000, 0x00000000c5700000| Untracked 
|  44|0x00000000c5800000, 0x00000000c5800000, 0x00000000c5900000|  0%| F|  |TAMS 0x00000000c5800000, 0x00000000c5800000| Untracked 
|  45|0x00000000c5900000, 0x00000000c5900000, 0x00000000c5a00000|  0%| F|  |TAMS 0x00000000c5900000, 0x00000000c5900000| Untracked 
|  46|0x00000000c5a00000, 0x00000000c5a00000, 0x00000000c5b00000|  0%| F|  |TAMS 0x00000000c5a00000, 0x00000000c5a00000| Untracked 
|  47|0x00000000c5b00000, 0x00000000c5b00000, 0x00000000c5c00000|  0%| F|  |TAMS 0x00000000c5b00000, 0x00000000c5b00000| Untracked 
|  48|0x00000000c5c00000, 0x00000000c5c00000, 0x00000000c5d00000|  0%| F|  |TAMS 0x00000000c5c00000, 0x00000000c5c00000| Untracked 
|  49|0x00000000c5d00000, 0x00000000c5d00000, 0x00000000c5e00000|  0%| F|  |TAMS 0x00000000c5d00000, 0x00000000c5d00000| Untracked 
|  50|0x00000000c5e00000, 0x00000000c5e00000, 0x00000000c5f00000|  0%| F|  |TAMS 0x00000000c5e00000, 0x00000000c5e00000| Untracked 
|  51|0x00000000c5f00000, 0x00000000c5f00000, 0x00000000c6000000|  0%| F|  |TAMS 0x00000000c5f00000, 0x00000000c5f00000| Untracked 
|  52|0x00000000c6000000, 0x00000000c6000000, 0x00000000c6100000|  0%| F|  |TAMS 0x00000000c6000000, 0x00000000c6000000| Untracked 
|  53|0x00000000c6100000, 0x00000000c6100000, 0x00000000c6200000|  0%| F|  |TAMS 0x00000000c6100000, 0x00000000c6100000| Untracked 
|  54|0x00000000c6200000, 0x00000000c6200000, 0x00000000c6300000|  0%| F|  |TAMS 0x00000000c6200000, 0x00000000c6200000| Untracked 
|  55|0x00000000c6300000, 0x00000000c6300000, 0x00000000c6400000|  0%| F|  |TAMS 0x00000000c6300000, 0x00000000c6300000| Untracked 
|  56|0x00000000c6400000, 0x00000000c6400000, 0x00000000c6500000|  0%| F|  |TAMS 0x00000000c6400000, 0x00000000c6400000| Untracked 
|  57|0x00000000c6500000, 0x00000000c6500000, 0x00000000c6600000|  0%| F|  |TAMS 0x00000000c6500000, 0x00000000c6500000| Untracked 
|  58|0x00000000c6600000, 0x00000000c6600000, 0x00000000c6700000|  0%| F|  |TAMS 0x00000000c6600000, 0x00000000c6600000| Untracked 
|  59|0x00000000c6700000, 0x00000000c6700000, 0x00000000c6800000|  0%| F|  |TAMS 0x00000000c6700000, 0x00000000c6700000| Untracked 
|  60|0x00000000c6800000, 0x00000000c6800000, 0x00000000c6900000|  0%| F|  |TAMS 0x00000000c6800000, 0x00000000c6800000| Untracked 
|  61|0x00000000c6900000, 0x00000000c69d71e8, 0x00000000c6a00000| 84%| E|  |TAMS 0x00000000c6900000, 0x00000000c6900000| Complete 

Card table byte_map: [0x0000014dae680000,0x0000014dae870000] _byte_map_base: 0x0000014dae06a000

Marking Bits (Prev, Next): (CMBitMap*) 0x0000014d9606e110, (CMBitMap*) 0x0000014d9606e150
 Prev Bits: [0x0000014daea60000, 0x0000014daf9b0000)
 Next Bits: [0x0000014daf9b0000, 0x0000014db0900000)

Polling page: 0x0000014d96120000

Metaspace:

Usage:
  Non-class:    138.64 KB used.
      Class:      4.36 KB used.
       Both:    143.00 KB used.

Virtual space:
  Non-class space:        8.00 MB reserved,     192.00 KB (  2%) committed,  1 nodes.
      Class space:        1.00 GB reserved,      64.00 KB ( <1%) committed,  1 nodes.
             Both:        1.01 GB reserved,     256.00 KB ( <1%) committed. 

Chunk freelists:
   Non-Class:  4.00 MB
       Class:  3.75 MB
        Both:  7.75 MB

MaxMetaspaceSize: unlimited
CompressedClassSpaceSize: 1.00 GB
Initial GC threshold: 21.00 MB
Current GC threshold: 21.00 MB
CDS: on
MetaspaceReclaimPolicy: balanced
 - commit_granule_bytes: 65536.
 - commit_granule_words: 8192.
 - virtual_space_node_default_size: 1048576.
 - enlarge_chunks_in_place: 1.
 - new_chunks_are_fully_committed: 0.
 - uncommit_free_chunks: 1.
 - use_allocation_guard: 0.
 - handle_deallocations: 1.


Internal statistics:

num_allocs_failed_limit: 0.
num_arena_births: 4.
num_arena_deaths: 0.
num_vsnodes_births: 2.
num_vsnodes_deaths: 0.
num_space_committed: 4.
num_space_uncommitted: 0.
num_chunks_returned_to_freelist: 0.
num_chunks_taken_from_freelist: 3.
num_chunk_merges: 0.
num_chunk_splits: 2.
num_chunks_enlarged: 0.
num_purges: 0.
num_inconsistent_stats: 0.

CodeHeap 'non-profiled nmethods': size=120064Kb used=16Kb max_used=16Kb free=120048Kb
 bounds [0x0000014da6b30000, 0x0000014da6da0000, 0x0000014dae070000]
CodeHeap 'profiled nmethods': size=120000Kb used=38Kb max_used=38Kb free=119962Kb
 bounds [0x0000014d9f600000, 0x0000014d9f870000, 0x0000014da6b30000]
CodeHeap 'non-nmethods': size=5696Kb used=1067Kb max_used=1067Kb free=4628Kb
 bounds [0x0000014d9f070000, 0x0000014d9f2e0000, 0x0000014d9f600000]
 total_blobs=383 nmethods=47 adapters=250
 compilation: enabled
              stopped_count=0, restarted_count=0
 full_count=0

Compilation events (20 events):
Event: 3.025 Thread 0x0000014db2cc7d50 nmethod 24 0x0000014d9f607110 code [0x0000014d9f6072a0, 0x0000014d9f607418]
Event: 3.025 Thread 0x0000014db2cc7d50   25       1       java.lang.module.ModuleReference::descriptor (5 bytes)
Event: 3.025 Thread 0x0000014db2cc7d50 nmethod 25 0x0000014da6b30a10 code [0x0000014da6b30ba0, 0x0000014da6b30c78]
Event: 3.025 Thread 0x0000014db2cc7d50   26       3       java.net.URI::hash (33 bytes)
Event: 3.026 Thread 0x0000014db2cc7d50 nmethod 26 0x0000014d9f607490 code [0x0000014d9f607680, 0x0000014d9f607b18]
Event: 3.027 Thread 0x0000014db2cc7d50   27       3       java.lang.String::isEmpty (14 bytes)
Event: 3.027 Thread 0x0000014db2cc7d50 nmethod 27 0x0000014d9f607d10 code [0x0000014d9f607ea0, 0x0000014d9f608018]
Event: 3.028 Thread 0x0000014db2cc7d50   28       3       java.util.concurrent.ConcurrentHashMap::tabAt (22 bytes)
Event: 3.029 Thread 0x0000014db2cc7d50 nmethod 28 0x0000014d9f608110 code [0x0000014d9f6082c0, 0x0000014d9f6085b8]
Event: 3.029 Thread 0x0000014db2cc7d50   29       3       jdk.internal.misc.Unsafe::getReferenceAcquire (7 bytes)
Event: 3.029 Thread 0x0000014db2cc7d50 nmethod 29 0x0000014d9f608690 code [0x0000014d9f608820, 0x0000014d9f608998]
Event: 3.029 Thread 0x0000014db2cc7d50   32       3       java.util.ImmutableCollections$SetN$SetNIterator::next (90 bytes)
Event: 3.029 Thread 0x0000014db2cc7d50 nmethod 32 0x0000014d9f608a10 code [0x0000014d9f608bc0, 0x0000014d9f608ee8]
Event: 3.029 Thread 0x0000014db2cc7d50   31       3       java.util.concurrent.ConcurrentHashMap::spread (10 bytes)
Event: 3.030 Thread 0x0000014db2cc7d50 nmethod 31 0x0000014d9f609090 code [0x0000014d9f609220, 0x0000014d9f609318]
Event: 3.032 Thread 0x0000014db2cc7d50   33       3       java.util.HashMap::hash (20 bytes)
Event: 3.033 Thread 0x0000014db2cc7d50 nmethod 33 0x0000014d9f609390 code [0x0000014d9f609540, 0x0000014d9f609748]
Event: 3.167 Thread 0x0000014db2cc7d50   35       1       java.lang.Enum::ordinal (5 bytes)
Event: 3.167 Thread 0x0000014db2cc7d50 nmethod 35 0x0000014da6b31490 code [0x0000014da6b31620, 0x0000014da6b316f8]
Event: 3.171 Thread 0x0000014db2cc7d50   42   !   3       java.util.concurrent.ConcurrentHashMap::putVal (432 bytes)

GC Heap History (0 events):
No events

Deoptimization events (0 events):
No events

Classes unloaded (0 events):
No events

Classes redefined (0 events):
No events

Internal exceptions (0 events):
No events

VM Operations (2 events):
Event: 3.055 Executing VM operation: Cleanup
Event: 3.166 Executing VM operation: Cleanup done

Events (13 events):
Event: 0.020 Loaded shared library C:\Program Files\Java\jdk-17.0.2\bin\java.dll
Event: 1.665 Loaded shared library C:\Program Files\Java\jdk-17.0.2\bin\jsvml.dll
Event: 1.665 Thread 0x0000014d96044ac0 Thread added: 0x0000014d96044ac0
Event: 2.340 Thread 0x0000014db2c39d30 Thread added: 0x0000014db2c39d30
Event: 2.341 Thread 0x0000014db2c3ae20 Thread added: 0x0000014db2c3ae20
Event: 2.367 Thread 0x0000014db2c4f520 Thread added: 0x0000014db2c4f520
Event: 2.367 Thread 0x0000014db2c51df0 Thread added: 0x0000014db2c51df0
Event: 2.368 Thread 0x0000014db2c536c0 Thread added: 0x0000014db2c536c0
Event: 2.368 Thread 0x0000014db2c53f80 Thread added: 0x0000014db2c53f80
Event: 2.368 Thread 0x0000014db2c54b70 Thread added: 0x0000014db2c54b70
Event: 2.649 Thread 0x0000014db2cc7d50 Thread added: 0x0000014db2cc7d50
Event: 2.859 Thread 0x0000014db2ccaa80 Thread added: 0x0000014db2ccaa80
Event: 3.173 Thread 0x0000014d96116950 Thread added: 0x0000014d96116950


Dynamic libraries:
0x00007ff61f730000 - 0x00007ff61f740000 	C:\Program Files\Java\jdk-17.0.2\bin\javaw.exe
0x00007ffd6e5e0000 - 0x00007ffd6e7e9000 	C:\WINDOWS\SYSTEM32\ntdll.dll
0x00007ffd3d860000 - 0x00007ffd3d876000 	C:\Program Files\Avast Software\Avast\aswhook.dll
0x00007ffd6cb00000 - 0x00007ffd6cbbd000 	C:\WINDOWS\System32\KERNEL32.DLL
0x00007ffd6bf90000 - 0x00007ffd6c309000 	C:\WINDOWS\System32\KERNELBASE.dll
0x00007ffd6bad0000 - 0x00007ffd6bbe1000 	C:\WINDOWS\System32\ucrtbase.dll
0x00007ffd5b840000 - 0x00007ffd5b858000 	C:\Program Files\Java\jdk-17.0.2\bin\jli.dll
0x00007ffd6dea0000 - 0x00007ffd6df4e000 	C:\WINDOWS\System32\ADVAPI32.dll
0x00007ffd6cbc0000 - 0x00007ffd6cc63000 	C:\WINDOWS\System32\msvcrt.dll
0x00007ffd6df80000 - 0x00007ffd6e01e000 	C:\WINDOWS\System32\sechost.dll
0x00007ffd6e390000 - 0x00007ffd6e4b0000 	C:\WINDOWS\System32\RPCRT4.dll
0x00007ffd6c830000 - 0x00007ffd6c9dc000 	C:\WINDOWS\System32\USER32.dll
0x00007ffd6bd80000 - 0x00007ffd6bda6000 	C:\WINDOWS\System32\win32u.dll
0x00007ffd6df50000 - 0x00007ffd6df79000 	C:\WINDOWS\System32\GDI32.dll
0x00007ffd6bc60000 - 0x00007ffd6bd72000 	C:\WINDOWS\System32\gdi32full.dll
0x00007ffd6bef0000 - 0x00007ffd6bf8d000 	C:\WINDOWS\System32\msvcp_win.dll
0x00007ffd5aa80000 - 0x00007ffd5aa9a000 	C:\Program Files\Java\jdk-17.0.2\bin\VCRUNTIME140.dll
0x00007ffd4b880000 - 0x00007ffd4bb25000 	C:\WINDOWS\WinSxS\amd64_microsoft.windows.common-controls_6595b64144ccf1df_6.0.22000.120_none_9d947278b86cc467\COMCTL32.dll
0x00007ffd641d0000 - 0x00007ffd641da000 	C:\WINDOWS\SYSTEM32\VERSION.dll
0x00007ffd6c750000 - 0x00007ffd6c781000 	C:\WINDOWS\System32\IMM32.DLL
0x00007ffd683f0000 - 0x00007ffd683fc000 	C:\Program Files\Java\jdk-17.0.2\bin\vcruntime140_1.dll
0x00007ffd5a700000 - 0x00007ffd5a78d000 	C:\Program Files\Java\jdk-17.0.2\bin\msvcp140.dll
0x00007ffd1ced0000 - 0x00007ffd1da91000 	C:\Program Files\Java\jdk-17.0.2\bin\server\jvm.dll
0x00007ffd6c800000 - 0x00007ffd6c808000 	C:\WINDOWS\System32\PSAPI.DLL
0x00007ffd5b510000 - 0x00007ffd5b519000 	C:\WINDOWS\SYSTEM32\WSOCK32.dll
0x00007ffd6c790000 - 0x00007ffd6c7ff000 	C:\WINDOWS\System32\WS2_32.dll
0x00007ffd66400000 - 0x00007ffd66433000 	C:\WINDOWS\SYSTEM32\WINMM.dll
0x00007ffd6abd0000 - 0x00007ffd6abe8000 	C:\WINDOWS\SYSTEM32\kernel.appcore.dll
0x00007ffd5ab30000 - 0x00007ffd5ab3a000 	C:\Program Files\Java\jdk-17.0.2\bin\jimage.dll
0x00007ffd697b0000 - 0x00007ffd699d1000 	C:\WINDOWS\SYSTEM32\DBGHELP.DLL
0x00007ffd5d8b0000 - 0x00007ffd5d8e1000 	C:\WINDOWS\SYSTEM32\dbgcore.DLL
0x00007ffd6be70000 - 0x00007ffd6beef000 	C:\WINDOWS\System32\bcryptPrimitives.dll
0x00007ffd5aaa0000 - 0x00007ffd5aac5000 	C:\Program Files\Java\jdk-17.0.2\bin\java.dll
0x00007ffd5a8a0000 - 0x00007ffd5a976000 	C:\Program Files\Java\jdk-17.0.2\bin\jsvml.dll
0x00007ffd6d690000 - 0x00007ffd6de3f000 	C:\WINDOWS\System32\SHELL32.dll
0x00007ffd69b50000 - 0x00007ffd6a3b8000 	C:\WINDOWS\SYSTEM32\windows.storage.dll
0x00007ffd6d2a0000 - 0x00007ffd6d618000 	C:\WINDOWS\System32\combase.dll
0x00007ffd699e0000 - 0x00007ffd69b46000 	C:\WINDOWS\SYSTEM32\wintypes.dll
0x00007ffd6e4b0000 - 0x00007ffd6e59a000 	C:\WINDOWS\System32\SHCORE.dll
0x00007ffd6c560000 - 0x00007ffd6c5bd000 	C:\WINDOWS\System32\shlwapi.dll
0x00007ffd6ba00000 - 0x00007ffd6ba21000 	C:\WINDOWS\SYSTEM32\profapi.dll

dbghelp: loaded successfully - version: 4.0.5 - missing functions: none
symbol engine: initialized successfully - sym options: 0x614 - pdb path: .;C:\Program Files\Java\jdk-17.0.2\bin;C:\WINDOWS\SYSTEM32;C:\Program Files\Avast Software\Avast;C:\WINDOWS\WinSxS\amd64_microsoft.windows.common-controls_6595b64144ccf1df_6.0.22000.120_none_9d947278b86cc467;C:\Program Files\Java\jdk-17.0.2\bin\server

VM Arguments:
jvm_args: -Dfile.encoding=Cp1252 --module-path=C:\Users\Dario\eclipse-workspace\Practica2\bin -XX:+ShowCodeDetailsInExceptionMessages -Djdk.module.main=Practica2 
java_command: Practica2/practica2.ListaTest
java_class_path (initial): <not set>
Launcher Type: SUN_STANDARD

[Global flags]
     intx CICompilerCount                          = 2                                         {product} {ergonomic}
     uint ConcGCThreads                            = 1                                         {product} {ergonomic}
     uint G1ConcRefinementThreads                  = 2                                         {product} {ergonomic}
   size_t G1HeapRegionSize                         = 1048576                                   {product} {ergonomic}
    uintx GCDrainStackTargetSize                   = 64                                        {product} {ergonomic}
   size_t InitialHeapSize                          = 65011712                                  {product} {ergonomic}
   size_t MarkStackSize                            = 4194304                                   {product} {ergonomic}
   size_t MaxHeapSize                              = 1027604480                                {product} {ergonomic}
   size_t MaxNewSize                               = 616562688                                 {product} {ergonomic}
   size_t MinHeapDeltaBytes                        = 1048576                                   {product} {ergonomic}
   size_t MinHeapSize                              = 8388608                                   {product} {ergonomic}
    uintx NonNMethodCodeHeapSize                   = 5826188                                {pd product} {ergonomic}
    uintx NonProfiledCodeHeapSize                  = 122916026                              {pd product} {ergonomic}
    uintx ProfiledCodeHeapSize                     = 122916026                              {pd product} {ergonomic}
    uintx ReservedCodeCacheSize                    = 251658240                              {pd product} {ergonomic}
     bool SegmentedCodeCache                       = true                                      {product} {ergonomic}
     bool ShowCodeDetailsInExceptionMessages       = true                                   {manageable} {command line}
   size_t SoftMaxHeapSize                          = 1027604480                             {manageable} {ergonomic}
     bool UseCompressedClassPointers               = true                           {product lp64_product} {ergonomic}
     bool UseCompressedOops                        = true                           {product lp64_product} {ergonomic}
     bool UseG1GC                                  = true                                      {product} {ergonomic}
     bool UseLargePagesIndividualAllocation        = false                                  {pd product} {ergonomic}

Logging:
Log output configuration:
 #0: stdout all=warning uptime,level,tags
 #1: stderr all=off uptime,level,tags

Environment Variables:
PATH=C:/Program Files/Java/jdk-17.0.2/bin/server;C:/Program Files/Java/jdk-17.0.2/bin;C:\Program Files\Eclipse Adoptium\jdk-17.0.2.8-hotspot\bin;C:\Program Files\Common Files\Oracle\Java\javapath;C:\WINDOWS\system32;C:\WINDOWS;C:\WINDOWS\System32\Wbem;C:\WINDOWS\System32\WindowsPowerShell\v1.0\;C:\WINDOWS\System32\OpenSSH\;C:\Program Files\Intel\TXE Components\DAL\;C:\Program Files (x86)\Intel\TXE Components\DAL\;C:\Recovery\OEM\Backup\;C:\WINDOWS\system32;C:\WINDOWS;C:\WINDOWS\System32\Wbem;C:\WINDOWS\System32\WindowsPowerShell\v1.0\;C:\WINDOWS\System32\OpenSSH\;C:\Program Files\Git\cmd;C:\Users\Dario\AppData\Local\Microsoft\WindowsApps;C:\Users\Dario\AppData\Local\Programs\Microsoft VS Code\bin;;C:\Users\Dario\OneDrive\Desktop;
USERNAME=Dario
OS=Windows_NT
PROCESSOR_IDENTIFIER=Intel64 Family 6 Model 122 Stepping 1, GenuineIntel



---------------  S Y S T E M  ---------------

OS:
 Windows 11 , 64 bit Build 22000 (10.0.22000.675)
OS uptime: 8 days 13:33 hours

CPU: total 2 (initial active 2) (2 cores per cpu, 1 threads per core) family 6 model 122 stepping 1 microcode 0x34, cx8, cmov, fxsr, mmx, 3dnowpref, sse, sse2, sse3, ssse3, sse4.1, sse4.2, popcnt, tsc, tscinvbit, aes, erms, clmul, sha, clflush, clflushopt

Memory: 4k page, system-wide physical 3916M (442M free)
TotalPageFile size 11290M (AvailPageFile size 0M)
current process WorkingSet (physical memory assigned to process): 26M, peak: 26M
current process commit charge ("private bytes"): 127M, peak: 127M

vm_info: Java HotSpot(TM) 64-Bit Server VM (17.0.2+8-LTS-86) for windows-amd64 JRE (17.0.2+8-LTS-86), built on Dec  7 2021 21:51:03 by "mach5one" with MS VC++ 16.8 / 16.9 (VS2019)

END.
